[2024-08-15 17:27:39,282: INFO: common: Yaml file : config/config.yaml loaded successfully]
[2024-08-15 17:27:39,298: INFO: common: Yaml file : params.yaml loaded successfully]
[2024-08-15 17:27:39,316: INFO: common: Yaml file : schema.yaml loaded successfully]
[2024-08-15 17:27:39,326: INFO: common: Created directory at: artifacts]
[2024-08-15 17:41:43,699: INFO: common: Yaml file : config/config.yaml loaded successfully]
[2024-08-15 17:41:43,712: INFO: common: Yaml file : params.yaml loaded successfully]
[2024-08-15 17:41:43,737: INFO: common: Yaml file : schema.yaml loaded successfully]
[2024-08-15 17:41:43,753: INFO: common: Created directory at: artifacts]
[2024-08-15 17:42:59,111: INFO: 1336334154: Created directory at: artifacrs]
[2024-08-15 17:45:31,370: INFO: 4172306591: Created directory at: artifacts]
[2024-08-15 17:46:02,531: INFO: 1190598376: Created directory at: artifacts]
[2024-08-15 17:46:50,102: INFO: 107742852: Created directory at: a]
[2024-08-15 17:46:50,111: INFO: 107742852: Created directory at: r]
[2024-08-15 17:46:50,126: INFO: 107742852: Created directory at: t]
[2024-08-15 17:46:50,133: INFO: 107742852: Created directory at: i]
[2024-08-15 17:46:50,140: INFO: 107742852: Created directory at: f]
[2024-08-15 17:46:50,150: INFO: 107742852: Created directory at: a]
[2024-08-15 17:46:50,156: INFO: 107742852: Created directory at: c]
[2024-08-15 17:46:50,161: INFO: 107742852: Created directory at: t]
[2024-08-15 17:46:50,169: INFO: 107742852: Created directory at: s]
[2024-08-15 17:48:00,005: INFO: 2739856323: Created directory at: artifacts]
[2024-08-15 17:48:54,169: INFO: 2000303081: Created directory at: artifacts]
[2024-08-15 17:50:04,228: INFO: common: Yaml file : config/config.yaml loaded successfully]
[2024-08-15 17:50:04,256: INFO: common: Yaml file : params.yaml loaded successfully]
[2024-08-15 17:50:04,301: INFO: common: Yaml file : schema.yaml loaded successfully]
[2024-08-15 17:50:04,313: INFO: 2000303081: Created directory at: artifacts]
[2024-08-15 17:50:04,317: INFO: 2000303081: Created directory at: artifacts/data_validation]
[2024-08-15 17:52:19,507: INFO: common: Yaml file : config/config.yaml loaded successfully]
[2024-08-15 17:52:19,517: INFO: common: Yaml file : params.yaml loaded successfully]
[2024-08-15 17:52:19,537: INFO: common: Yaml file : schema.yaml loaded successfully]
[2024-08-15 17:52:19,558: INFO: 2000303081: Created directory at: artifacts]
[2024-08-15 17:52:19,568: INFO: 2000303081: Created directory at: artifacts/data_validation]
[2024-08-15 17:53:30,282: INFO: common: Yaml file : config/config.yaml loaded successfully]
[2024-08-15 17:53:30,292: INFO: common: Yaml file : params.yaml loaded successfully]
[2024-08-15 17:53:30,307: INFO: common: Yaml file : schema.yaml loaded successfully]
[2024-08-15 17:53:30,313: INFO: common: Created directory at: artifacts]
[2024-08-15 17:54:12,325: INFO: common: Yaml file : config/config.yaml loaded successfully]
[2024-08-15 17:54:12,370: INFO: common: Yaml file : params.yaml loaded successfully]
[2024-08-15 17:54:12,400: INFO: common: Yaml file : schema.yaml loaded successfully]
[2024-08-15 17:54:12,405: INFO: common: Created directory at: artifacts]
[2024-08-15 17:56:36,973: INFO: common: Yaml file : config/config.yaml loaded successfully]
[2024-08-15 17:56:36,984: INFO: common: Yaml file : params.yaml loaded successfully]
[2024-08-15 17:56:37,005: INFO: common: Yaml file : schema.yaml loaded successfully]
[2024-08-15 17:56:37,015: INFO: common: Created directory at: artifacts]
[2024-08-15 17:59:01,079: INFO: common: Yaml file : config/config.yaml loaded successfully]
[2024-08-15 17:59:01,124: INFO: common: Yaml file : params.yaml loaded successfully]
[2024-08-15 17:59:01,151: INFO: common: Yaml file : schema.yaml loaded successfully]
[2024-08-15 17:59:01,161: INFO: 1077476401: Created directory at: artifacts]
[2024-08-15 17:59:01,169: INFO: 1077476401: Created directory at: artifacts/data_validation]
[2024-08-15 18:02:40,882: INFO: common: Yaml file : config/config.yaml loaded successfully]
[2024-08-15 18:02:40,901: INFO: common: Yaml file : params.yaml loaded successfully]
[2024-08-15 18:02:40,916: INFO: common: Yaml file : schema.yaml loaded successfully]
[2024-08-15 18:02:40,919: INFO: common: Created directory at: artifacts]
[2024-08-15 18:04:11,127: INFO: common: Yaml file : config/config.yaml loaded successfully]
[2024-08-15 18:04:11,135: INFO: common: Yaml file : params.yaml loaded successfully]
[2024-08-15 18:04:11,166: INFO: common: Yaml file : schema.yaml loaded successfully]
[2024-08-15 18:04:11,183: INFO: 1077476401: Created directory at: artifacts]
[2024-08-15 18:04:11,204: INFO: 1077476401: Created directory at: artifacts/data_validation]
[2024-08-15 18:07:14,724: INFO: common: Yaml file : config/config.yaml loaded successfully]
[2024-08-15 18:07:14,734: INFO: common: Yaml file : params.yaml loaded successfully]
[2024-08-15 18:07:14,747: INFO: common: Yaml file : schema.yaml loaded successfully]
[2024-08-15 18:07:14,754: INFO: 1077476401: Created directory at: artifacts]
[2024-08-15 18:07:14,760: INFO: 1077476401: Created directory at: artifacts/data_validation]
[2024-08-15 18:07:57,799: INFO: common: Yaml file : config/config.yaml loaded successfully]
[2024-08-15 18:07:57,812: INFO: common: Yaml file : params.yaml loaded successfully]
[2024-08-15 18:07:57,831: INFO: common: Yaml file : schema.yaml loaded successfully]
[2024-08-15 18:07:57,851: INFO: 1077476401: Created directory at: artifacts]
[2024-08-15 18:07:57,870: INFO: 1077476401: Created directory at: artifacts/data_validation]
[2024-08-15 18:08:56,137: INFO: common: Yaml file : config/config.yaml loaded successfully]
[2024-08-15 18:08:56,151: INFO: common: Yaml file : params.yaml loaded successfully]
[2024-08-15 18:08:56,166: INFO: common: Yaml file : schema.yaml loaded successfully]
[2024-08-15 18:08:56,178: INFO: 1077476401: Created directory at: artifacts]
[2024-08-15 18:08:56,185: INFO: 1077476401: Created directory at: artifacts/data_validation]
[2024-08-15 18:19:45,408: INFO: common: Yaml file : config/config.yaml loaded successfully]
[2024-08-15 18:19:45,425: INFO: common: Yaml file : params.yaml loaded successfully]
[2024-08-15 18:19:45,459: INFO: common: Yaml file : schema.yaml loaded successfully]
[2024-08-15 18:19:45,468: INFO: 1077476401: Created directory at: artifacts]
[2024-08-15 18:19:45,476: INFO: 1077476401: Created directory at: artifacts/data_validation]
